<?xml version="1.0" encoding="UTF-8"?>
<testsuite xmlns:xsi="http://www.w3.org/2001/XMLSchema-instance" xsi:noNamespaceSchemaLocation="https://maven.apache.org/surefire/maven-surefire-plugin/xsd/surefire-test-report.xsd" name="MediaPoolMalBridge.AppTest" time="0.124" tests="2" errors="0" skipped="0" failures="0">
  <properties>
[...]
</properties>
  <testcase name="test_01" classname="MediaPoolMalBridge.AppTest" time="0.076"/>
  <testcase name="testAppHasAGreeting" classname="MediaPoolMalBridge.AppTest" time="0.001"/>
</testsuite>